已經開始建置於 2015/3/8 下午 06:31:48。
     1>節點 2 (Build 目標) 上的專案 "E:\大三程式\adaboost_git_new\Face-Detection\cascad\cascad\cascad.vcxproj"。
     1>ClCompile:
         C:\Program Files (x86)\Microsoft Visual Studio 12.0\VC\bin\CL.exe /c /ZI /nologo /W3 /WX- /sdl /Od /Oy- /D _MBCS /Gm /EHsc /RTC1 /MDd /GS /fp:precise /Zc:wchar_t /Zc:forScope /Fo"Debug\\" /Fd"Debug\vc120.pdb" /Gd /TP /analyze- /errorReport:prompt cascad.cpp
         cascad.cpp
     1>e:\大三程式\adaboost_git_new\face-detection\cascad\cascad\cascad.cpp : warning C4819: 檔案含有無法在目前字碼頁 (950) 中表示的字元。請以 Unicode 格式儲存檔案以防止資料遺失
     1>e:\大三程式\adaboost_git_new\face-detection\cascad\cascad\training.h(29): warning C4101: 'key' : 未參考的區域變數
     1>e:\大三程式\adaboost_git_new\face-detection\cascad\cascad\training.h(26): warning C4101: 'j' : 未參考的區域變數
     1>e:\大三程式\adaboost_git_new\face-detection\cascad\cascad\training.h(208): warning C4244: '=' : 將 'time_t' 轉換為 'int'，由於類型不同，可能導致資料遺失
     1>e:\大三程式\adaboost_git_new\face-detection\cascad\cascad\training.h(226): warning C4244: '=' : 將 'double' 轉換為 'int'，由於類型不同，可能導致資料遺失
     1>e:\大三程式\adaboost_git_new\face-detection\cascad\cascad\training.h(286): warning C4244: '=' : 將 'time_t' 轉換為 'int'，由於類型不同，可能導致資料遺失
     1>e:\大三程式\adaboost_git_new\face-detection\cascad\cascad\training.h(164): warning C4101: 'k' : 未參考的區域變數
     1>e:\大三程式\adaboost_git_new\face-detection\cascad\cascad\cascad.cpp(22): warning C4101: 'h' : 未參考的區域變數
     1>e:\大三程式\adaboost_git_new\face-detection\cascad\cascad\cascad.cpp(21): warning C4101: 'P' : 未參考的區域變數
     1>e:\大三程式\adaboost_git_new\face-detection\cascad\cascad\cascad.cpp(21): warning C4101: 'N' : 未參考的區域變數
     1>e:\大三程式\adaboost_git_new\face-detection\cascad\cascad\soldier.h(76): warning C4715: 'Soldier::comput' : 不是所有控制路徑都傳回值
       Link:
         C:\Program Files (x86)\Microsoft Visual Studio 12.0\VC\bin\link.exe /ERRORREPORT:PROMPT /OUT:"E:\大三程式\adaboost_git_new\Face-Detection\cascad\Debug\cascad.exe" /INCREMENTAL /NOLOGO kernel32.lib user32.lib gdi32.lib winspool.lib comdlg32.lib advapi32.lib shell32.lib ole32.lib oleaut32.lib uuid.lib odbc32.lib odbccp32.lib /MANIFEST /MANIFESTUAC:"level='asInvoker' uiAccess='false'" /manifest:embed /DEBUG /PDB:"E:\大三程式\adaboost_git_new\Face-Detection\cascad\Debug\cascad.pdb" /TLBID:1 /DYNAMICBASE /NXCOMPAT /IMPLIB:"E:\大三程式\adaboost_git_new\Face-Detection\cascad\Debug\cascad.lib" /MACHINE:X86 Debug\cascad.obj
         cascad.vcxproj -> E:\大三程式\adaboost_git_new\Face-Detection\cascad\Debug\cascad.exe
     1>專案 "E:\大三程式\adaboost_git_new\Face-Detection\cascad\cascad\cascad.vcxproj" (Build 目標) 建置完成。

建置成功。

經過時間 00:00:03.58
