已經開始建置於 2015/5/15 下午 11:59:45。
     1>節點 2 (Build 目標) 上的專案 "D:\Code\GitHub\Face-Detection\detection\detection\detection.vcxproj"。
     1>ClCompile:
         C:\Program Files (x86)\Microsoft Visual Studio 12.0\VC\bin\CL.exe /c /ZI /nologo /W3 /WX- /sdl /Od /Oy- /D _MBCS /Gm /EHsc /RTC1 /MDd /GS /fp:precise /Zc:wchar_t /Zc:forScope /Fo"Debug\\" /Fd"Debug\vc120.pdb" /Gd /TP /analyze- /errorReport:prompt detection.cpp
         detection.cpp
     1>c:\opencv\build\include\opencv2\flann\dist.h : warning C4819: 檔案含有無法在目前字碼頁 (950) 中表示的字元。請以 Unicode 格式儲存檔案以防止資料遺失
     1>c:\opencv\build\include\opencv2\legacy\compat.hpp : warning C4819: 檔案含有無法在目前字碼頁 (950) 中表示的字元。請以 Unicode 格式儲存檔案以防止資料遺失
     1>d:\code\github\face-detection\detection\detection\soldier_d.h(40): warning C4244: '=' : 將 'double' 轉換為 'int'，由於類型不同，可能導致資料遺失
     1>d:\code\github\face-detection\detection\detection\soldier_d.h(42): warning C4244: '=' : 將 'double' 轉換為 'int'，由於類型不同，可能導致資料遺失
     1>d:\code\github\face-detection\detection\detection\soldier_d.h(43): warning C4244: '=' : 將 'double' 轉換為 'int'，由於類型不同，可能導致資料遺失
     1>d:\code\github\face-detection\detection\detection\detection.cpp(102): warning C4244: '*=' : 將 'double' 轉換為 'int'，由於類型不同，可能導致資料遺失
     1>d:\code\github\face-detection\detection\detection\detection.cpp(103): warning C4244: '*=' : 將 'double' 轉換為 'int'，由於類型不同，可能導致資料遺失
     1>d:\code\github\face-detection\detection\detection\detection.cpp(145): warning C4244: '+=' : 將 'double' 轉換為 'int'，由於類型不同，可能導致資料遺失
     1>d:\code\github\face-detection\detection\detection\detection.cpp(146): warning C4244: '+=' : 將 'double' 轉換為 'int'，由於類型不同，可能導致資料遺失
     1>d:\code\github\face-detection\detection\detection\detection.cpp(150): warning C4244: '+=' : 將 'double' 轉換為 'int'，由於類型不同，可能導致資料遺失
     1>d:\code\github\face-detection\detection\detection\detection.cpp(151): warning C4244: '+=' : 將 'double' 轉換為 'int'，由於類型不同，可能導致資料遺失
     1>d:\code\github\face-detection\detection\detection\soldier_d.h(104): warning C4715: 'Soldier::comput' : 不是所有控制路徑都傳回值
       Link:
         C:\Program Files (x86)\Microsoft Visual Studio 12.0\VC\bin\link.exe /ERRORREPORT:PROMPT /OUT:"D:\Code\GitHub\Face-Detection\detection\Debug\detection.exe" /INCREMENTAL /NOLOGO C:\openCV\build\x86\vc12\lib\opencv_core2411d.lib C:\openCV\build\x86\vc12\lib\opencv_calib3d2411d.lib C:\openCV\build\x86\vc12\lib\opencv_highgui2411d.lib C:\openCV\build\x86\vc12\lib\opencv_imgproc2411d.lib kernel32.lib user32.lib gdi32.lib winspool.lib comdlg32.lib advapi32.lib shell32.lib ole32.lib oleaut32.lib uuid.lib odbc32.lib odbccp32.lib /MANIFEST /MANIFESTUAC:"level='asInvoker' uiAccess='false'" /manifest:embed /DEBUG /PDB:"D:\Code\GitHub\Face-Detection\detection\Debug\detection.pdb" /TLBID:1 /DYNAMICBASE /NXCOMPAT /IMPLIB:"D:\Code\GitHub\Face-Detection\detection\Debug\detection.lib" /MACHINE:X86 Debug\detection.obj
         detection.vcxproj -> D:\Code\GitHub\Face-Detection\detection\Debug\detection.exe
     1>專案 "D:\Code\GitHub\Face-Detection\detection\detection\detection.vcxproj" (Build 目標) 建置完成。

建置成功。

經過時間 00:00:02.13
